22:54:56.319 [main]  INFO  com.intuit.karate - Karate version: 1.5.0-SNAPSHOT
22:54:59.263 [main]  ERROR com.intuit.karate - src/test/resources/features/LoginPage.feature:7
When Enter the UserNM "ADITYA_UAT3" and Pass "Pass@123" and click on LOGIN as "ADITYA_UAT3"
no step-definition method match found for: Enter the UserNM "ADITYA_UAT3" and Pass "Pass@123" and click on LOGIN as "ADITYA_UAT3"
src/test/resources/features/LoginPage.feature:7
22:55:00.924 [main]  INFO  com.intuit.karate.Suite - <<fail>> feature 1 of 1 (0 remaining) src/test/resources/features/LoginPage.feature
22:56:06.774 [main]  INFO  com.intuit.karate - Karate version: 1.5.0-SNAPSHOT
22:56:07.501 [main]  INFO  com.intuit.karate.Suite - backed up existing 'target/karate-reports' dir to: target/karate-reports_1697390767495
22:56:07.544 [main]  INFO  c.intuit.karate.core.FeatureRuntime - found scenario at line: 4
22:56:09.183 [main]  ERROR com.intuit.karate - src/test/resources/features/LoginPage.feature:5
When Enter the UserNM "ADITYA_UAT3" and Pass "Pass@123" and click on LOGIN as "ADITYA_UAT3"
no step-definition method match found for: Enter the UserNM "ADITYA_UAT3" and Pass "Pass@123" and click on LOGIN as "ADITYA_UAT3"
src/test/resources/features/LoginPage.feature:5
22:56:10.374 [main]  INFO  com.intuit.karate.Suite - <<fail>> feature 1 of 1 (0 remaining) src/test/resources/features/LoginPage.feature
22:58:32.413 [main]  INFO  com.intuit.karate - Karate version: 1.5.0-SNAPSHOT
22:58:33.192 [main]  INFO  com.intuit.karate.Suite - backed up existing 'target/karate-reports' dir to: target/karate-reports_1697390913186
22:58:33.239 [main]  INFO  c.intuit.karate.core.FeatureRuntime - found scenario at line: 4
22:58:34.621 [main]  ERROR com.intuit.karate - src/test/resources/features/LoginPage.feature:5
When Enter the UserNM "ADITYA_UAT3" and Pass "Pass@123" and click on LOGIN as "ADITYA_UAT3"
no step-definition method match found for: Enter the UserNM "ADITYA_UAT3" and Pass "Pass@123" and click on LOGIN as "ADITYA_UAT3"
src/test/resources/features/LoginPage.feature:5
22:58:35.744 [main]  INFO  com.intuit.karate.Suite - <<fail>> feature 1 of 1 (0 remaining) src/test/resources/features/LoginPage.feature
22:58:48.643 [main]  INFO  com.intuit.karate - Karate version: 1.5.0-SNAPSHOT
22:58:49.395 [main]  INFO  com.intuit.karate.Suite - backed up existing 'target/karate-reports' dir to: target/karate-reports_1697390929388
22:58:49.436 [main]  INFO  c.intuit.karate.core.FeatureRuntime - found scenario at line: 4
22:58:50.984 [main]  ERROR com.intuit.karate - src/test/resources/features/LoginPage.feature:5
When Enter the UserNM "ADITYA_UAT3" and Pass "Pass@123" and click on LOGIN as "ADITYA_UAT3"
no step-definition method match found for: Enter the UserNM "ADITYA_UAT3" and Pass "Pass@123" and click on LOGIN as "ADITYA_UAT3"
src/test/resources/features/LoginPage.feature:5
22:58:52.236 [main]  INFO  com.intuit.karate.Suite - <<fail>> feature 1 of 1 (0 remaining) src/test/resources/features/LoginPage.feature
23:00:03.452 [main]  INFO  com.intuit.karate - Karate version: 1.5.0-SNAPSHOT
23:00:05.354 [main]  INFO  com.intuit.karate.Suite - backed up existing 'target/karate-reports' dir to: target/karate-reports_1697391005349
23:00:05.458 [main]  INFO  c.intuit.karate.core.FeatureRuntime - found scenario at line: 4
23:00:09.848 [main]  ERROR com.intuit.karate - src/test/resources/features/LoginPage.feature:5
When Enter the UserNM "ADITYA_UAT3" and Pass "Pass@123" and click on LOGIN as "ADITYA_UAT3"
no step-definition method match found for: Enter the UserNM "ADITYA_UAT3" and Pass "Pass@123" and click on LOGIN as "ADITYA_UAT3"
src/test/resources/features/LoginPage.feature:5
23:00:12.162 [main]  INFO  com.intuit.karate.Suite - <<fail>> feature 1 of 1 (0 remaining) src/test/resources/features/LoginPage.feature
23:09:16.045 [main]  INFO  com.intuit.karate - Karate version: 1.5.0-SNAPSHOT
23:09:16.681 [main]  INFO  com.intuit.karate.Suite - backed up existing 'target/karate-reports' dir to: target/karate-reports_1697391556674
23:09:17.995 [main]  ERROR com.intuit.karate - src/test/resources/features/LoginPage.feature:5
When Enter the UserNM "ADITYA_UAT3" and Pass "Pass@123" and click on LOGIN as "ADITYA_UAT3"
no step-definition method match found for: Enter the UserNM "ADITYA_UAT3" and Pass "Pass@123" and click on LOGIN as "ADITYA_UAT3"
src/test/resources/features/LoginPage.feature:5
23:09:19.071 [main]  INFO  com.intuit.karate.Suite - <<fail>> feature 1 of 1 (0 remaining) src/test/resources/features/LoginPage.feature
23:11:07.792 [main]  INFO  com.intuit.karate - Karate version: 1.5.0-SNAPSHOT
23:11:08.329 [main]  INFO  com.intuit.karate.Suite - backed up existing 'target/karate-reports' dir to: target/karate-reports_1697391668325
23:11:09.744 [main]  ERROR com.intuit.karate - src/test/resources/features/LoginPage.feature:5
When Enter the UserNM "ADITYA_UAT3" and Pass "Pass@123" and click on LOGIN as "ADITYA_UAT3"
no step-definition method match found for: Enter the UserNM "ADITYA_UAT3" and Pass "Pass@123" and click on LOGIN as "ADITYA_UAT3"
src/test/resources/features/LoginPage.feature:5
23:11:10.801 [main]  INFO  com.intuit.karate.Suite - <<fail>> feature 1 of 1 (0 remaining) src/test/resources/features/LoginPage.feature
23:12:52.777 [main]  INFO  com.intuit.karate - Karate version: 1.5.0-SNAPSHOT
23:12:53.683 [main]  INFO  com.intuit.karate.Suite - backed up existing 'target/karate-reports' dir to: target/karate-reports_1697391773665
23:12:55.316 [main]  ERROR com.intuit.karate - src/test/resources/features/LoginPage.feature:5
When Enter the UserNM "ADITYA_UAT3" and Pass "Pass@123" and click on LOGIN as "ADITYA_UAT3"
no step-definition method match found for: Enter the UserNM "ADITYA_UAT3" and Pass "Pass@123" and click on LOGIN as "ADITYA_UAT3"
src/test/resources/features/LoginPage.feature:5
23:12:56.537 [main]  INFO  com.intuit.karate.Suite - <<fail>> feature 1 of 1 (0 remaining) src/test/resources/features/LoginPage.feature
